<?xml version="1.0" encoding="UTF-8"?>
<!-- Generated by org.testng.reporters.JUnitReportReporter -->
<testsuite hostname="RohaNnPavaN" failures="0" tests="1" name="functionalityTesting.TC_2" time="8.442" errors="0" timestamp="2024-12-03T10:34:28 IST" skipped="0">
  <testcase classname="functionalityTesting.TC_2" name="TasteCase2" time="8.442"/>
</testsuite> <!-- functionalityTesting.TC_2 -->
