<?xml version="1.0" encoding="UTF-8"?>
<!-- Generated by org.testng.reporters.JUnitReportReporter -->
<testsuite hostname="RohaNnPavaN" failures="0" tests="1" name="functionalityTesting.TC_1" time="17.115" errors="0" timestamp="2024-12-03T10:26:24 IST" skipped="0">
  <testcase classname="functionalityTesting.TC_1" name="calendar_page" time="17.115"/>
</testsuite> <!-- functionalityTesting.TC_1 -->
